[2019-05-07 10:24:55,000] - [INFO] - Run model YOLO with image: static\uploads\2019-05-07_102431_bien-so-xe-may-dep-14.jpg
[2019-05-07 10:25:31,609] - [INFO] - Save image label box: static\result\2019-05-07_102431_bien-so-xe-may-dep-14.png
[2019-05-07 10:35:13,375] - [INFO] - Run model YOLO with image: static\uploads\2019-05-07_103450_57538009_436429520450363_5271064713562685440_n.jpg
[2019-05-07 10:35:28,990] - [INFO] - Save image label box: static\result\2019-05-07_103450_57538009_436429520450363_5271064713562685440_n.png
[2019-05-07 10:37:27,020] - [INFO] - Run model YOLO with image: static\uploads\2019-05-07_103705_bien-so-xe-may-dep-14.jpg
[2019-05-07 10:38:03,704] - [INFO] - Save image label box: static\result\2019-05-07_103705_bien-so-xe-may-dep-14.png
[2019-05-07 10:41:32,650] - [INFO] - Run model YOLO with image: static\uploads\2019-05-07_104110_bien-so-xe-may-dep-14.jpg
[2019-05-07 10:41:47,698] - [ERROR] - Don't open image: static\uploads\2019-05-07_104110_bien-so-xe-may-dep-14.jpg
[2019-05-07 10:48:44,565] - [INFO] - Run model YOLO with image: static\uploads\2019-05-07_104821_bien-so-xe-may-dep-14.jpg
[2019-05-07 10:49:05,104] - [ERROR] - Don't open image: static\uploads\2019-05-07_104821_bien-so-xe-may-dep-14.jpg
[2019-05-07 10:51:11,998] - [INFO] - Run model YOLO with image: static\uploads\2019-05-07_105050_57538009_436429520450363_5271064713562685440_n.jpg
[2019-05-07 10:51:27,077] - [INFO] - Save image label box: static\result\2019-05-07_105050_57538009_436429520450363_5271064713562685440_n.png
[2019-05-07 10:56:29,693] - [INFO] - Run model YOLO with image: static\uploads\2019-05-07_105539_bien-so-xe-may-dep-14.jpg
[2019-05-07 10:57:43,656] - [INFO] - Save image label box: static\result\2019-05-07_105539_bien-so-xe-may-dep-14.png
[2019-05-07 11:10:10,500] - [INFO] - Run model YOLO with image: static\uploads\2019-05-07_110945_57538009_436429520450363_5271064713562685440_n.jpg
[2019-05-07 11:10:27,018] - [INFO] - Save image label box: static\result\2019-05-07_110945_57538009_436429520450363_5271064713562685440_n.png
[2019-05-07 11:15:48,310] - [INFO] - Run model YOLO with image: static\uploads\2019-05-07_111522_bien-so-xe-may-dep-14.jpg
[2019-05-07 11:16:30,630] - [INFO] - Save image label box: static\result\2019-05-07_111522_bien-so-xe-may-dep-14.png
[2019-05-07 13:11:36,242] - [INFO] - Run model YOLO with image: static\uploads\2019-05-07_131112_57538009_436429520450363_5271064713562685440_n.jpg
[2019-05-07 13:11:51,721] - [ERROR] - Don't open image: static\uploads\2019-05-07_131112_57538009_436429520450363_5271064713562685440_n.jpg
[2019-05-07 13:40:28,404] - [INFO] - Run model YOLO with image: static\uploads\2019-05-07_132605_57538009_436429520450363_5271064713562685440_n.jpg
[2019-05-07 13:40:45,156] - [ERROR] - Don't open image: static\uploads\2019-05-07_132605_57538009_436429520450363_5271064713562685440_n.jpg
[2019-05-07 13:44:47,960] - [INFO] - Run model YOLO with image: static\uploads\2019-05-07_134419_57538009_436429520450363_5271064713562685440_n.jpg
[2019-05-07 13:44:54,345] - [INFO] - Save image label box: static\result\2019-05-07_134419_57538009_436429520450363_5271064713562685440_n.png
[2019-05-07 13:45:04,920] - [ERROR] - Don't open image: static\uploads\2019-05-07_134419_57538009_436429520450363_5271064713562685440_n.jpg
[2019-05-07 13:51:52,499] - [INFO] - Run model YOLO with image: static\uploads\2019-05-07_135128_57538009_436429520450363_5271064713562685440_n.jpg
[2019-05-07 13:51:57,997] - [INFO] - Save image label box: static\result\2019-05-07_135128_57538009_436429520450363_5271064713562685440_n.png
[2019-05-07 13:52:06,456] - [ERROR] - Don't open image: static\uploads\2019-05-07_135128_57538009_436429520450363_5271064713562685440_n.jpg
[2019-05-07 13:59:18,725] - [INFO] - Run model YOLO with image: static\uploads\2019-05-07_135856_57538009_436429520450363_5271064713562685440_n.jpg
[2019-05-07 13:59:24,194] - [INFO] - Save image label box: static\result\2019-05-07_135856_57538009_436429520450363_5271064713562685440_n.png
[2019-05-07 13:59:32,822] - [ERROR] - Don't open image: static\uploads\2019-05-07_135856_57538009_436429520450363_5271064713562685440_n.jpg
[2019-05-07 14:03:00,546] - [INFO] - Run model YOLO with image: static\uploads\2019-05-07_140230_57538009_436429520450363_5271064713562685440_n.jpg
[2019-05-07 14:03:07,022] - [INFO] - Save image label box: static\result\2019-05-07_140230_57538009_436429520450363_5271064713562685440_n.png
[2019-05-07 14:03:30,087] - [ERROR] - Don't open image: static\uploads\2019-05-07_140230_57538009_436429520450363_5271064713562685440_n.jpg
[2019-05-07 14:06:43,445] - [INFO] - Run model YOLO with image: static\uploads\2019-05-07_140613_57538009_436429520450363_5271064713562685440_n.jpg
[2019-05-07 14:06:49,099] - [INFO] - Save image label box: static\result\2019-05-07_140613_57538009_436429520450363_5271064713562685440_n.png
[2019-05-07 14:07:00,650] - [ERROR] - Don't open image: static\uploads\2019-05-07_140613_57538009_436429520450363_5271064713562685440_n.jpg
[2019-05-07 14:12:06,858] - [INFO] - Run model YOLO with image: static\uploads\2019-05-07_141136_57538009_436429520450363_5271064713562685440_n.jpg
[2019-05-07 14:12:14,053] - [INFO] - Save image label box: static\result\2019-05-07_141136_57538009_436429520450363_5271064713562685440_n.png
[2019-05-07 14:12:26,674] - [ERROR] - Don't open image: static\uploads\2019-05-07_141136_57538009_436429520450363_5271064713562685440_n.jpg
[2019-05-07 14:16:14,954] - [INFO] - Run model YOLO with image: static\uploads\2019-05-07_141546_57538009_436429520450363_5271064713562685440_n.jpg
[2019-05-07 14:16:21,252] - [INFO] - Save image label box: static\result\2019-05-07_141546_57538009_436429520450363_5271064713562685440_n.png
[2019-05-07 14:16:35,573] - [ERROR] - Don't open image: static\uploads\2019-05-07_141546_57538009_436429520450363_5271064713562685440_n.jpg
[2019-05-07 14:25:51,411] - [INFO] - Run model YOLO with image: static\uploads\2019-05-07_142522_57538009_436429520450363_5271064713562685440_n.jpg
[2019-05-07 14:25:58,793] - [INFO] - Save image label box: static\result\2019-05-07_142522_57538009_436429520450363_5271064713562685440_n.png
[2019-05-07 14:25:59,081] - [ERROR] - Don't open image: static\uploads\2019-05-07_142522_57538009_436429520450363_5271064713562685440_n.jpg
[2019-05-07 14:43:59,875] - [INFO] - Run model YOLO with image: static\uploads\2019-05-07_144333_57538009_436429520450363_5271064713562685440_n.jpg
[2019-05-07 14:44:05,921] - [INFO] - Save image label box: static\result\2019-05-07_144333_57538009_436429520450363_5271064713562685440_n.png
[2019-05-07 14:46:25,140] - [INFO] - Run model YOLO with image: static\uploads\2019-05-07_144604_57538009_436429520450363_5271064713562685440_n.jpg
[2019-05-07 14:46:30,125] - [ERROR] - Don't open image: static\uploads\2019-05-07_144604_57538009_436429520450363_5271064713562685440_n.jpg
[2019-05-07 14:48:38,835] - [INFO] - Run model YOLO with image: static\uploads\2019-05-07_144813_57538009_436429520450363_5271064713562685440_n.jpg
[2019-05-07 14:48:56,056] - [INFO] - Save image label box: static\result\2019-05-07_144813_57538009_436429520450363_5271064713562685440_n.png
[2019-05-07 15:06:01,517] - [INFO] - Run model YOLO with image: static\uploads\2019-05-07_150530_57538009_436429520450363_5271064713562685440_n.jpg
[2019-05-07 15:06:17,888] - [ERROR] - Don't open image: static\uploads\2019-05-07_150530_57538009_436429520450363_5271064713562685440_n.jpg
[2019-05-07 15:08:16,284] - [INFO] - Run model YOLO with image: static\uploads\2019-05-07_150746_57538009_436429520450363_5271064713562685440_n.jpg
[2019-05-07 15:08:47,212] - [INFO] - Save image label box: static\result\2019-05-07_150746_57538009_436429520450363_5271064713562685440_n.png
[2019-05-07 15:11:40,351] - [INFO] - Run model YOLO with image: static\uploads\2019-05-07_151112_57538009_436429520450363_5271064713562685440_n.jpg
[2019-05-07 15:12:04,207] - [ERROR] - Don't open image: static\uploads\2019-05-07_151112_57538009_436429520450363_5271064713562685440_n.jpg
[2019-05-07 15:15:30,437] - [INFO] - Run model YOLO with image: static\uploads\2019-05-07_151459_57538009_436429520450363_5271064713562685440_n.jpg
[2019-05-07 15:15:49,769] - [ERROR] - Don't open image: static\uploads\2019-05-07_151459_57538009_436429520450363_5271064713562685440_n.jpg
[2019-05-07 15:24:05,372] - [INFO] - Run model YOLO with image: static\uploads\2019-05-07_152334_57538009_436429520450363_5271064713562685440_n.jpg
[2019-05-07 15:24:23,403] - [INFO] - Save image label box: static\result\2019-05-07_152334_57538009_436429520450363_5271064713562685440_n.png
[2019-05-07 15:34:05,392] - [INFO] - Run model YOLO with image: static\uploads\2019-05-07_153337_57538009_436429520450363_5271064713562685440_n.jpg
[2019-05-07 15:34:23,567] - [ERROR] - Don't open image: static\uploads\2019-05-07_153337_57538009_436429520450363_5271064713562685440_n.jpg
[2019-05-07 15:37:56,600] - [INFO] - Run model YOLO with image: static\uploads\2019-05-07_153729_57538009_436429520450363_5271064713562685440_n.jpg
[2019-05-07 15:38:16,245] - [INFO] - Save image label box: static\result\2019-05-07_153729_57538009_436429520450363_5271064713562685440_n.png
[2019-05-07 16:23:58,188] - [INFO] - Run model YOLO with image: static\uploads\2019-05-07_162335_57538009_436429520450363_5271064713562685440_n.jpg
[2019-05-07 16:24:10,596] - [INFO] - Save image label box: static\result\2019-05-07_162335_57538009_436429520450363_5271064713562685440_n.png
[2019-05-07 16:25:18,234] - [INFO] - Run model YOLO with image: static\uploads\2019-05-07_162456_bien-so-xe-may-dep-14.jpg
[2019-05-07 16:25:31,126] - [INFO] - Save image label box: static\result\2019-05-07_162456_bien-so-xe-may-dep-14.png
[2019-05-07 16:27:07,265] - [INFO] - Run model YOLO with image: static\uploads\2019-05-07_162645_51861056_1766177140155057_7402078463357616128_n.jpg
[2019-05-07 16:27:19,101] - [INFO] - Save image label box: static\result\2019-05-07_162645_51861056_1766177140155057_7402078463357616128_n.png
[2019-05-07 16:27:59,286] - [INFO] - Run model YOLO with image: static\uploads\2019-05-07_162738_51146942_387765635118424_3362895556669079552_n.jpg
[2019-05-07 16:28:11,992] - [INFO] - Save image label box: static\result\2019-05-07_162738_51146942_387765635118424_3362895556669079552_n.png
[2019-05-08 07:59:51,762] - [INFO] - Run model YOLO with image: static\uploads\2019-05-08_075928_57538009_436429520450363_5271064713562685440_n.jpg
[2019-05-08 08:00:06,800] - [INFO] - Save image label box: static\result\2019-05-08_075928_57538009_436429520450363_5271064713562685440_n.png
